<?xml version="1.0" encoding="UTF-8"?>
<!-- Generated by org.testng.reporters.JUnitReportReporter -->
<testsuite skipped="0" hostname="E117249-NB" name="com.qa.tests.GetApiTest" tests="1" failures="0" timestamp="10 七月 2019 09:19:40 GMT" time="1.450" errors="0">
  <testcase name="getAPITest" time="1.450" classname="com.qa.tests.GetApiTest"/>
</testsuite> <!-- com.qa.tests.GetApiTest -->
