<?xml version="1.0" encoding="UTF-8"?>
<!-- Generated by org.testng.reporters.JUnitReportReporter -->
<testsuite skipped="0" hostname="E117249-NB" name="com.qa.tests.InpayTest" tests="1" failures="0" timestamp="31 七月 2019 07:01:38 GMT" time="1.377" errors="0">
  <testcase name="inpayApiTest" time="1.377" classname="com.qa.tests.InpayTest"/>
</testsuite> <!-- com.qa.tests.InpayTest -->
